* installing *source* package ‘HLMdiag’ ...
** this is package ‘HLMdiag’ version ‘0.5.1’
** package ‘HLMdiag’ successfully unpacked and MD5 sums checked
** using staged installation
** libs
using C compiler: ‘Apple clang version 17.0.0 (clang-1700.0.13.5)’
using C++ compiler: ‘Apple clang version 17.0.0 (clang-1700.0.13.5)’
using SDK: ‘MacOSX15.5.sdk’
clang -arch arm64 -I"/Library/Frameworks/R.framework/Resources/include" -DNDEBUG  -I'/Users/aloy/Documents/r-packages/qqplotr/revdep/library.noindex/HLMdiag/Rcpp/include' -I'/Users/aloy/Documents/r-packages/qqplotr/revdep/library.noindex/HLMdiag/RcppArmadillo/include' -I/opt/R/arm64/include    -fPIC  -falign-functions=64 -Wall -g -O2  -c HLMdiag_init.c -o HLMdiag_init.o
clang++ -arch arm64 -std=gnu++17 -I"/Library/Frameworks/R.framework/Resources/include" -DNDEBUG  -I'/Users/aloy/Documents/r-packages/qqplotr/revdep/library.noindex/HLMdiag/Rcpp/include' -I'/Users/aloy/Documents/r-packages/qqplotr/revdep/library.noindex/HLMdiag/RcppArmadillo/include' -I/opt/R/arm64/include    -DARMA_64BIT_WORD=1 -fPIC  -falign-functions=64 -Wall -g -O2   -c cooksd_obs.cpp -o cooksd_obs.o
clang++ -arch arm64 -std=gnu++17 -I"/Library/Frameworks/R.framework/Resources/include" -DNDEBUG  -I'/Users/aloy/Documents/r-packages/qqplotr/revdep/library.noindex/HLMdiag/Rcpp/include' -I'/Users/aloy/Documents/r-packages/qqplotr/revdep/library.noindex/HLMdiag/RcppArmadillo/include' -I/opt/R/arm64/include    -DARMA_64BIT_WORD=1 -fPIC  -falign-functions=64 -Wall -g -O2   -c cooksd_subset.cpp -o cooksd_subset.o
clang++ -arch arm64 -std=gnu++17 -I"/Library/Frameworks/R.framework/Resources/include" -DNDEBUG  -I'/Users/aloy/Documents/r-packages/qqplotr/revdep/library.noindex/HLMdiag/Rcpp/include' -I'/Users/aloy/Documents/r-packages/qqplotr/revdep/library.noindex/HLMdiag/RcppArmadillo/include' -I/opt/R/arm64/include    -DARMA_64BIT_WORD=1 -fPIC  -falign-functions=64 -Wall -g -O2   -c covratio.cpp -o covratio.o
clang++ -arch arm64 -std=gnu++17 -I"/Library/Frameworks/R.framework/Resources/include" -DNDEBUG  -I'/Users/aloy/Documents/r-packages/qqplotr/revdep/library.noindex/HLMdiag/Rcpp/include' -I'/Users/aloy/Documents/r-packages/qqplotr/revdep/library.noindex/HLMdiag/RcppArmadillo/include' -I/opt/R/arm64/include    -DARMA_64BIT_WORD=1 -fPIC  -falign-functions=64 -Wall -g -O2   -c covtrace.cpp -o covtrace.o
clang++ -arch arm64 -std=gnu++17 -I"/Library/Frameworks/R.framework/Resources/include" -DNDEBUG  -I'/Users/aloy/Documents/r-packages/qqplotr/revdep/library.noindex/HLMdiag/Rcpp/include' -I'/Users/aloy/Documents/r-packages/qqplotr/revdep/library.noindex/HLMdiag/RcppArmadillo/include' -I/opt/R/arm64/include    -DARMA_64BIT_WORD=1 -fPIC  -falign-functions=64 -Wall -g -O2   -c linear_algebra_fnc.cpp -o linear_algebra_fnc.o
clang++ -arch arm64 -std=gnu++17 -I"/Library/Frameworks/R.framework/Resources/include" -DNDEBUG  -I'/Users/aloy/Documents/r-packages/qqplotr/revdep/library.noindex/HLMdiag/Rcpp/include' -I'/Users/aloy/Documents/r-packages/qqplotr/revdep/library.noindex/HLMdiag/RcppArmadillo/include' -I/opt/R/arm64/include    -DARMA_64BIT_WORD=1 -fPIC  -falign-functions=64 -Wall -g -O2   -c mdffits_subset.cpp -o mdffits_subset.o
clang++ -arch arm64 -std=gnu++17 -dynamiclib -Wl,-headerpad_max_install_names -undefined dynamic_lookup -L/Library/Frameworks/R.framework/Resources/lib -L/opt/R/arm64/lib -o HLMdiag.so HLMdiag_init.o cooksd_obs.o cooksd_subset.o covratio.o covtrace.o linear_algebra_fnc.o mdffits_subset.o -L/Library/Frameworks/R.framework/Resources/lib -lRlapack -L/Library/Frameworks/R.framework/Resources/lib -lRblas -L/opt/gfortran/lib/gcc/aarch64-apple-darwin20.0/14.2.0 -L/opt/gfortran/lib -lemutls_w -lheapt_w -lgfortran -lquadmath -F/Library/Frameworks/R.framework/.. -framework R
ld: warning: search path '/opt/gfortran/lib/gcc/aarch64-apple-darwin20.0/14.2.0' not found
ld: warning: search path '/opt/gfortran/lib' not found
ld: library 'emutls_w' not found
clang++: error: linker command failed with exit code 1 (use -v to see invocation)
make: *** [HLMdiag.so] Error 1
ERROR: compilation failed for package ‘HLMdiag’
* removing ‘/Users/aloy/Documents/r-packages/qqplotr/revdep/checks.noindex/HLMdiag/new/HLMdiag.Rcheck/HLMdiag’
